2017-08-30T08:09:54.776051+00:00 some-node.example.org rsyslogd-pstats: { "name": "global", "origin": "dynstats", "values": { } }
2017-08-30T08:09:54.776072+00:00 some-node.example.org rsyslogd-pstats: { "name": "imuxsock", "origin": "imuxsock", "submitted": 9, "ratelimit.discarded": 0, "ratelimit.numratelimiters": 0 }
2017-08-30T08:09:54.776082+00:00 some-node.example.org rsyslogd-pstats: { "name": "action 0", "origin": "core.action", "processed": 0, "failed": 0, "suspended": 0, "suspended.duration": 0, "resumed": 0 }
2017-08-30T08:09:54.776088+00:00 some-node.example.org rsyslogd-pstats: { "name": "to_exporter_2", "origin": "core.action", "processed": 0, "failed": 0, "suspended": 0, "suspended.duration": 0, "resumed": 0 }
2017-08-30T08:09:54.776094+00:00 some-node.example.org rsyslogd-pstats: { "name": "action 3", "origin": "core.action", "processed": 1, "failed": 0, "suspended": 0, "suspended.duration": 0, "resumed": 0 }
2017-08-30T08:09:54.776098+00:00 some-node.example.org rsyslogd-pstats: { "name": "action 4", "origin": "core.action", "processed": 1, "failed": 0, "suspended": 0, "suspended.duration": 0, "resumed": 0 }
2017-08-30T08:09:54.776103+00:00 some-node.example.org rsyslogd-pstats: { "name": "action 5", "origin": "core.action", "processed": 0, "failed": 0, "suspended": 0, "suspended.duration": 0, "resumed": 0 }
2017-08-30T08:09:54.776109+00:00 some-node.example.org rsyslogd-pstats: { "name": "action 7", "origin": "core.action", "processed": 0, "failed": 0, "suspended": 0, "suspended.duration": 0, "resumed": 0 }
2017-08-30T08:09:54.776114+00:00 some-node.example.org rsyslogd-pstats: { "name": "action 10", "origin": "core.action", "processed": 0, "failed": 0, "suspended": 0, "suspended.duration": 0, "resumed": 0 }
2017-08-30T08:09:54.776119+00:00 some-node.example.org rsyslogd-pstats: { "name": "action 11", "origin": "core.action", "processed": 6, "failed": 0, "suspended": 0, "suspended.duration": 0, "resumed": 0 }
2017-08-30T08:09:54.776123+00:00 some-node.example.org rsyslogd-pstats: { "name": "action 12", "origin": "core.action", "processed": 2, "failed": 0, "suspended": 0, "suspended.duration": 0, "resumed": 0 }
2017-08-30T08:09:54.776144+00:00 some-node.example.org rsyslogd-pstats: { "name": "action 13", "origin": "core.action", "processed": 0, "failed": 0, "suspended": 0, "suspended.duration": 0, "resumed": 0 }
2017-08-30T08:09:54.776151+00:00 some-node.example.org rsyslogd-pstats: { "name": "action 14", "origin": "core.action", "processed": 0, "failed": 0, "suspended": 0, "suspended.duration": 0, "resumed": 0 }
2017-08-30T08:09:54.776155+00:00 some-node.example.org rsyslogd-pstats: { "name": "action 15", "origin": "core.action", "processed": 0, "failed": 0, "suspended": 0, "suspended.duration": 0, "resumed": 0 }
2017-08-30T08:09:54.776160+00:00 some-node.example.org rsyslogd-pstats: { "name": "action 16", "origin": "core.action", "processed": 0, "failed": 0, "suspended": 0, "suspended.duration": 0, "resumed": 0 }
2017-08-30T08:09:54.776164+00:00 some-node.example.org rsyslogd-pstats: { "name": "action 17", "origin": "core.action", "processed": 0, "failed": 0, "suspended": 0, "suspended.duration": 0, "resumed": 0 }
2017-08-30T08:09:54.776173+00:00 some-node.example.org rsyslogd-pstats: { "name": "imptcp(*\/\/var\/run\/go-audit.sock\/IPv4)", "origin": "imptcp", "submitted": 1, "sessions.opened": 0, "sessions.openfailed": 0, "sessions.closed": 1, "bytes.received": 1045, "bytes.decompressed": 0 }
2017-08-30T08:09:54.776181+00:00 some-node.example.org rsyslogd-pstats: { "name": "resource-usage", "origin": "impstats", "utime": 5000, "stime": 4000, "maxrss": 5876, "minflt": 521, "majflt": 0, "inblock": 0, "oublock": 0, "nvcsw": 23, "nivcsw": 15, "openfiles": 16 }
2017-08-30T08:09:54.776187+00:00 some-node.example.org rsyslogd-pstats: { "name": "main Q", "origin": "core.queue", "size": 18, "enqueued": 28, "full": 0, "discarded.full": 0, "discarded.nf": 0, "maxqsize": 18 }
2017-08-30T08:09:54.776191+00:00 some-node.example.org rsyslogd-pstats: { "name": "io-work-q", "origin": "imptcp", "enqueued": 0, "maxqsize": 0 }
2017-08-30T08:10:04.786350+00:00 some-node.example.org rsyslogd-pstats: { "name": "global", "origin": "dynstats", "values": { } }
2017-08-30T08:10:04.786371+00:00 some-node.example.org rsyslogd-pstats: { "name": "imuxsock", "origin": "imuxsock", "submitted": 12, "ratelimit.discarded": 0, "ratelimit.numratelimiters": 0 }
2017-08-30T08:10:04.786379+00:00 some-node.example.org rsyslogd-pstats: { "name": "action 0", "origin": "core.action", "processed": 0, "failed": 0, "suspended": 0, "suspended.duration": 0, "resumed": 0 }
2017-08-30T08:10:04.786386+00:00 some-node.example.org rsyslogd-pstats: { "name": "to_exporter_2", "origin": "core.action", "processed": 20, "failed": 0, "suspended": 0, "suspended.duration": 0, "resumed": 0 }
2017-08-30T08:10:04.786391+00:00 some-node.example.org rsyslogd-pstats: { "name": "action 3", "origin": "core.action", "processed": 3, "failed": 0, "suspended": 0, "suspended.duration": 0, "resumed": 0 }
2017-08-30T08:10:04.786395+00:00 some-node.example.org rsyslogd-pstats: { "name": "action 4", "origin": "core.action", "processed": 4, "failed": 0, "suspended": 0, "suspended.duration": 0, "resumed": 0 }
2017-08-30T08:10:04.786401+00:00 some-node.example.org rsyslogd-pstats: { "name": "action 5", "origin": "core.action", "processed": 0, "failed": 0, "suspended": 0, "suspended.duration": 0, "resumed": 0 }
2017-08-30T08:10:04.786407+00:00 some-node.example.org rsyslogd-pstats: { "name": "action 7", "origin": "core.action", "processed": 0, "failed": 0, "suspended": 0, "suspended.duration": 0, "resumed": 0 }
2017-08-30T08:10:04.786413+00:00 some-node.example.org rsyslogd-pstats: { "name": "action 10", "origin": "core.action", "processed": 0, "failed": 0, "suspended": 0, "suspended.duration": 0, "resumed": 0 }
2017-08-30T08:10:04.786420+00:00 some-node.example.org rsyslogd-pstats: { "name": "action 11", "origin": "core.action", "processed": 6, "failed": 0, "suspended": 0, "suspended.duration": 0, "resumed": 0 }
2017-08-30T08:10:04.786425+00:00 some-node.example.org rsyslogd-pstats: { "name": "action 12", "origin": "core.action", "processed": 2, "failed": 0, "suspended": 0, "suspended.duration": 0, "resumed": 0 }
2017-08-30T08:10:04.786431+00:00 some-node.example.org rsyslogd-pstats: { "name": "action 13", "origin": "core.action", "processed": 0, "failed": 0, "suspended": 0, "suspended.duration": 0, "resumed": 0 }
2017-08-30T08:10:04.786437+00:00 some-node.example.org rsyslogd-pstats: { "name": "action 14", "origin": "core.action", "processed": 0, "failed": 0, "suspended": 0, "suspended.duration": 0, "resumed": 0 }
2017-08-30T08:10:04.786443+00:00 some-node.example.org rsyslogd-pstats: { "name": "action 15", "origin": "core.action", "processed": 0, "failed": 0, "suspended": 0, "suspended.duration": 0, "resumed": 0 }
2017-08-30T08:10:04.786447+00:00 some-node.example.org rsyslogd-pstats: { "name": "action 16", "origin": "core.action", "processed": 0, "failed": 0, "suspended": 0, "suspended.duration": 0, "resumed": 0 }
2017-08-30T08:10:04.786452+00:00 some-node.example.org rsyslogd-pstats: { "name": "action 17", "origin": "core.action", "processed": 0, "failed": 0, "suspended": 0, "suspended.duration": 0, "resumed": 0 }
2017-08-30T08:10:04.786459+00:00 some-node.example.org rsyslogd-pstats: { "name": "imptcp(*\/\/var\/run\/go-audit.sock\/IPv4)", "origin": "imptcp", "submitted": 3, "sessions.opened": 0, "sessions.openfailed": 0, "sessions.closed": 1, "bytes.received": 2920, "bytes.decompressed": 0 }
2017-08-30T08:10:04.786468+00:00 some-node.example.org rsyslogd-pstats: { "name": "resource-usage", "origin": "impstats", "utime": 6000, "stime": 4000, "maxrss": 5876, "minflt": 591, "majflt": 0, "inblock": 0, "oublock": 0, "nvcsw": 35, "nivcsw": 15, "openfiles": 17 }
2017-08-30T08:10:04.786475+00:00 some-node.example.org rsyslogd-pstats: { "name": "main Q", "origin": "core.queue", "size": 18, "enqueued": 53, "full": 0, "discarded.full": 0, "discarded.nf": 0, "maxqsize": 20 }
2017-08-30T08:10:04.786479+00:00 some-node.example.org rsyslogd-pstats: { "name": "io-work-q", "origin": "imptcp", "enqueued": 0, "maxqsize": 0 }
2017-08-30T08:10:14.796202+00:00 some-node.example.org rsyslogd-pstats: { "name": "global", "origin": "dynstats", "values": { } }
2017-08-30T08:10:14.796219+00:00 some-node.example.org rsyslogd-pstats: { "name": "imuxsock", "origin": "imuxsock", "submitted": 12, "ratelimit.discarded": 0, "ratelimit.numratelimiters": 0 }
2017-08-30T08:10:14.796227+00:00 some-node.example.org rsyslogd-pstats: { "name": "action 0", "origin": "core.action", "processed": 0, "failed": 0, "suspended": 0, "suspended.duration": 0, "resumed": 0 }
2017-08-30T08:10:14.796234+00:00 some-node.example.org rsyslogd-pstats: { "name": "to_exporter_2", "origin": "core.action", "processed": 40, "failed": 0, "suspended": 0, "suspended.duration": 0, "resumed": 0 }
2017-08-30T08:10:14.796239+00:00 some-node.example.org rsyslogd-pstats: { "name": "action 3", "origin": "core.action", "processed": 3, "failed": 0, "suspended": 0, "suspended.duration": 0, "resumed": 0 }
2017-08-30T08:10:14.796243+00:00 some-node.example.org rsyslogd-pstats: { "name": "action 4", "origin": "core.action", "processed": 4, "failed": 0, "suspended": 0, "suspended.duration": 0, "resumed": 0 }
2017-08-30T08:10:14.796247+00:00 some-node.example.org rsyslogd-pstats: { "name": "action 5", "origin": "core.action", "processed": 0, "failed": 0, "suspended": 0, "suspended.duration": 0, "resumed": 0 }
2017-08-30T08:10:14.796252+00:00 some-node.example.org rsyslogd-pstats: { "name": "action 7", "origin": "core.action", "processed": 0, "failed": 0, "suspended": 0, "suspended.duration": 0, "resumed": 0 }
2017-08-30T08:10:14.796258+00:00 some-node.example.org rsyslogd-pstats: { "name": "action 10", "origin": "core.action", "processed": 0, "failed": 0, "suspended": 0, "suspended.duration": 0, "resumed": 0 }
2017-08-30T08:10:14.796262+00:00 some-node.example.org rsyslogd-pstats: { "name": "action 11", "origin": "core.action", "processed": 6, "failed": 0, "suspended": 0, "suspended.duration": 0, "resumed": 0 }
2017-08-30T08:10:14.796267+00:00 some-node.example.org rsyslogd-pstats: { "name": "action 12", "origin": "core.action", "processed": 2, "failed": 0, "suspended": 0, "suspended.duration": 0, "resumed": 0 }
2017-08-30T08:10:14.796271+00:00 some-node.example.org rsyslogd-pstats: { "name": "action 13", "origin": "core.action", "processed": 0, "failed": 0, "suspended": 0, "suspended.duration": 0, "resumed": 0 }
2017-08-30T08:10:14.796276+00:00 some-node.example.org rsyslogd-pstats: { "name": "action 14", "origin": "core.action", "processed": 0, "failed": 0, "suspended": 0, "suspended.duration": 0, "resumed": 0 }
2017-08-30T08:10:14.796281+00:00 some-node.example.org rsyslogd-pstats: { "name": "action 15", "origin": "core.action", "processed": 0, "failed": 0, "suspended": 0, "suspended.duration": 0, "resumed": 0 }
2017-08-30T08:10:14.796285+00:00 some-node.example.org rsyslogd-pstats: { "name": "action 16", "origin": "core.action", "processed": 0, "failed": 0, "suspended": 0, "suspended.duration": 0, "resumed": 0 }
2017-08-30T08:10:14.796290+00:00 some-node.example.org rsyslogd-pstats: { "name": "action 17", "origin": "core.action", "processed": 0, "failed": 0, "suspended": 0, "suspended.duration": 0, "resumed": 0 }
2017-08-30T08:10:14.796296+00:00 some-node.example.org rsyslogd-pstats: { "name": "imptcp(*\/\/var\/run\/go-audit.sock\/IPv4)", "origin": "imptcp", "submitted": 3, "sessions.opened": 0, "sessions.openfailed": 0, "sessions.closed": 1, "bytes.received": 2920, "bytes.decompressed": 0 }
2017-08-30T08:10:14.796304+00:00 some-node.example.org rsyslogd-pstats: { "name": "resource-usage", "origin": "impstats", "utime": 6000, "stime": 4000, "maxrss": 5876, "minflt": 604, "majflt": 0, "inblock": 0, "oublock": 0, "nvcsw": 37, "nivcsw": 15, "openfiles": 17 }
2017-08-30T08:10:14.796310+00:00 some-node.example.org rsyslogd-pstats: { "name": "main Q", "origin": "core.queue", "size": 18, "enqueued": 73, "full": 0, "discarded.full": 0, "discarded.nf": 0, "maxqsize": 20 }
2017-08-30T08:10:14.796314+00:00 some-node.example.org rsyslogd-pstats: { "name": "io-work-q", "origin": "imptcp", "enqueued": 0, "maxqsize": 0 }
2017-08-30T08:10:24.806474+00:00 some-node.example.org rsyslogd-pstats: { "name": "global", "origin": "dynstats", "values": { } }
2017-08-30T08:10:24.806492+00:00 some-node.example.org rsyslogd-pstats: { "name": "imuxsock", "origin": "imuxsock", "submitted": 12, "ratelimit.discarded": 0, "ratelimit.numratelimiters": 0 }
2017-08-30T08:10:24.806500+00:00 some-node.example.org rsyslogd-pstats: { "name": "action 0", "origin": "core.action", "processed": 0, "failed": 0, "suspended": 0, "suspended.duration": 0, "resumed": 0 }
2017-08-30T08:10:24.806506+00:00 some-node.example.org rsyslogd-pstats: { "name": "to_exporter_2", "origin": "core.action", "processed": 60, "failed": 0, "suspended": 0, "suspended.duration": 0, "resumed": 0 }
2017-08-30T08:10:24.806512+00:00 some-node.example.org rsyslogd-pstats: { "name": "action 3", "origin": "core.action", "processed": 3, "failed": 0, "suspended": 0, "suspended.duration": 0, "resumed": 0 }
2017-08-30T08:10:24.806516+00:00 some-node.example.org rsyslogd-pstats: { "name": "action 4", "origin": "core.action", "processed": 4, "failed": 0, "suspended": 0, "suspended.duration": 0, "resumed": 0 }
2017-08-30T08:10:24.806521+00:00 some-node.example.org rsyslogd-pstats: { "name": "action 5", "origin": "core.action", "processed": 0, "failed": 0, "suspended": 0, "suspended.duration": 0, "resumed": 0 }
2017-08-30T08:10:24.806526+00:00 some-node.example.org rsyslogd-pstats: { "name": "action 7", "origin": "core.action", "processed": 0, "failed": 0, "suspended": 0, "suspended.duration": 0, "resumed": 0 }
2017-08-30T08:10:24.806532+00:00 some-node.example.org rsyslogd-pstats: { "name": "action 10", "origin": "core.action", "processed": 0, "failed": 0, "suspended": 0, "suspended.duration": 0, "resumed": 0 }
2017-08-30T08:10:24.806536+00:00 some-node.example.org rsyslogd-pstats: { "name": "action 11", "origin": "core.action", "processed": 6, "failed": 0, "suspended": 0, "suspended.duration": 0, "resumed": 0 }
2017-08-30T08:10:24.806541+00:00 some-node.example.org rsyslogd-pstats: { "name": "action 12", "origin": "core.action", "processed": 2, "failed": 0, "suspended": 0, "suspended.duration": 0, "resumed": 0 }
2017-08-30T08:10:24.806545+00:00 some-node.example.org rsyslogd-pstats: { "name": "action 13", "origin": "core.action", "processed": 0, "failed": 0, "suspended": 0, "suspended.duration": 0, "resumed": 0 }
2017-08-30T08:10:24.806551+00:00 some-node.example.org rsyslogd-pstats: { "name": "action 14", "origin": "core.action", "processed": 0, "failed": 0, "suspended": 0, "suspended.duration": 0, "resumed": 0 }
2017-08-30T08:10:24.806555+00:00 some-node.example.org rsyslogd-pstats: { "name": "action 15", "origin": "core.action", "processed": 0, "failed": 0, "suspended": 0, "suspended.duration": 0, "resumed": 0 }
2017-08-30T08:10:24.806560+00:00 some-node.example.org rsyslogd-pstats: { "name": "action 16", "origin": "core.action", "processed": 0, "failed": 0, "suspended": 0, "suspended.duration": 0, "resumed": 0 }
2017-08-30T08:10:24.806564+00:00 some-node.example.org rsyslogd-pstats: { "name": "action 17", "origin": "core.action", "processed": 0, "failed": 0, "suspended": 0, "suspended.duration": 0, "resumed": 0 }
2017-08-30T08:10:24.806571+00:00 some-node.example.org rsyslogd-pstats: { "name": "imptcp(*\/\/var\/run\/go-audit.sock\/IPv4)", "origin": "imptcp", "submitted": 3, "sessions.opened": 0, "sessions.openfailed": 0, "sessions.closed": 1, "bytes.received": 2920, "bytes.decompressed": 0 }
2017-08-30T08:10:24.806580+00:00 some-node.example.org rsyslogd-pstats: { "name": "resource-usage", "origin": "impstats", "utime": 6000, "stime": 4000, "maxrss": 5876, "minflt": 604, "majflt": 0, "inblock": 0, "oublock": 0, "nvcsw": 39, "nivcsw": 15, "openfiles": 17 }
2017-08-30T08:10:24.806585+00:00 some-node.example.org rsyslogd-pstats: { "name": "main Q", "origin": "core.queue", "size": 18, "enqueued": 93, "full": 0, "discarded.full": 0, "discarded.nf": 0, "maxqsize": 20 }
2017-08-30T08:10:24.806590+00:00 some-node.example.org rsyslogd-pstats: { "name": "io-work-q", "origin": "imptcp", "enqueued": 0, "maxqsize": 0 }
2017-08-30T08:10:34.812772+00:00 some-node.example.org rsyslogd-pstats: { "name": "global", "origin": "dynstats", "values": { } }
2017-08-30T08:10:34.812791+00:00 some-node.example.org rsyslogd-pstats: { "name": "imuxsock", "origin": "imuxsock", "submitted": 33, "ratelimit.discarded": 0, "ratelimit.numratelimiters": 0 }
2017-08-30T08:10:34.812799+00:00 some-node.example.org rsyslogd-pstats: { "name": "action 0", "origin": "core.action", "processed": 0, "failed": 0, "suspended": 0, "suspended.duration": 0, "resumed": 0 }
2017-08-30T08:10:34.812806+00:00 some-node.example.org rsyslogd-pstats: { "name": "to_exporter_2", "origin": "core.action", "processed": 80, "failed": 0, "suspended": 0, "suspended.duration": 0, "resumed": 0 }
2017-08-30T08:10:34.812811+00:00 some-node.example.org rsyslogd-pstats: { "name": "action 3", "origin": "core.action", "processed": 3, "failed": 0, "suspended": 0, "suspended.duration": 0, "resumed": 0 }
2017-08-30T08:10:34.812816+00:00 some-node.example.org rsyslogd-pstats: { "name": "action 4", "origin": "core.action", "processed": 25, "failed": 0, "suspended": 0, "suspended.duration": 0, "resumed": 0 }
2017-08-30T08:10:34.812820+00:00 some-node.example.org rsyslogd-pstats: { "name": "action 5", "origin": "core.action", "processed": 0, "failed": 0, "suspended": 0, "suspended.duration": 0, "resumed": 0 }
2017-08-30T08:10:34.812826+00:00 some-node.example.org rsyslogd-pstats: { "name": "action 7", "origin": "core.action", "processed": 0, "failed": 0, "suspended": 0, "suspended.duration": 0, "resumed": 0 }
2017-08-30T08:10:34.812831+00:00 some-node.example.org rsyslogd-pstats: { "name": "action 10", "origin": "core.action", "processed": 0, "failed": 0, "suspended": 0, "suspended.duration": 0, "resumed": 0 }
2017-08-30T08:10:34.812836+00:00 some-node.example.org rsyslogd-pstats: { "name": "action 11", "origin": "core.action", "processed": 6, "failed": 0, "suspended": 0, "suspended.duration": 0, "resumed": 0 }
2017-08-30T08:10:34.812840+00:00 some-node.example.org rsyslogd-pstats: { "name": "action 12", "origin": "core.action", "processed": 2, "failed": 0, "suspended": 0, "suspended.duration": 0, "resumed": 0 }
2017-08-30T08:10:34.812845+00:00 some-node.example.org rsyslogd-pstats: { "name": "action 13", "origin": "core.action", "processed": 0, "failed": 0, "suspended": 0, "suspended.duration": 0, "resumed": 0 }
2017-08-30T08:10:34.812850+00:00 some-node.example.org rsyslogd-pstats: { "name": "action 14", "origin": "core.action", "processed": 0, "failed": 0, "suspended": 0, "suspended.duration": 0, "resumed": 0 }
2017-08-30T08:10:34.812855+00:00 some-node.example.org rsyslogd-pstats: { "name": "action 15", "origin": "core.action", "processed": 0, "failed": 0, "suspended": 0, "suspended.duration": 0, "resumed": 0 }
2017-08-30T08:10:34.812860+00:00 some-node.example.org rsyslogd-pstats: { "name": "action 16", "origin": "core.action", "processed": 0, "failed": 0, "suspended": 0, "suspended.duration": 0, "resumed": 0 }
2017-08-30T08:10:34.812864+00:00 some-node.example.org rsyslogd-pstats: { "name": "action 17", "origin": "core.action", "processed": 0, "failed": 0, "suspended": 0, "suspended.duration": 0, "resumed": 0 }
2017-08-30T08:10:34.812871+00:00 some-node.example.org rsyslogd-pstats: { "name": "imptcp(*\/\/var\/run\/go-audit.sock\/IPv4)", "origin": "imptcp", "submitted": 3, "sessions.opened": 0, "sessions.openfailed": 0, "sessions.closed": 1, "bytes.received": 2920, "bytes.decompressed": 0 }
2017-08-30T08:10:34.812879+00:00 some-node.example.org rsyslogd-pstats: { "name": "resource-usage", "origin": "impstats", "utime": 6000, "stime": 6000, "maxrss": 5876, "minflt": 605, "majflt": 0, "inblock": 0, "oublock": 0, "nvcsw": 83, "nivcsw": 15, "openfiles": 17 }
2017-08-30T08:10:34.812885+00:00 some-node.example.org rsyslogd-pstats: { "name": "main Q", "origin": "core.queue", "size": 18, "enqueued": 134, "full": 0, "discarded.full": 0, "discarded.nf": 0, "maxqsize": 20 }
2017-08-30T08:10:34.812890+00:00 some-node.example.org rsyslogd-pstats: { "name": "io-work-q", "origin": "imptcp", "enqueued": 0, "maxqsize": 0 }
2017-08-30T08:10:44.823040+00:00 some-node.example.org rsyslogd-pstats: { "name": "global", "origin": "dynstats", "values": { } }
2017-08-30T08:10:44.823060+00:00 some-node.example.org rsyslogd-pstats: { "name": "imuxsock", "origin": "imuxsock", "submitted": 33, "ratelimit.discarded": 0, "ratelimit.numratelimiters": 0 }
2017-08-30T08:10:44.823067+00:00 some-node.example.org rsyslogd-pstats: { "name": "action 0", "origin": "core.action", "processed": 0, "failed": 0, "suspended": 0, "suspended.duration": 0, "resumed": 0 }
2017-08-30T08:10:44.823073+00:00 some-node.example.org rsyslogd-pstats: { "name": "to_exporter_2", "origin": "core.action", "processed": 100, "failed": 0, "suspended": 0, "suspended.duration": 0, "resumed": 0 }
2017-08-30T08:10:44.823079+00:00 some-node.example.org rsyslogd-pstats: { "name": "action 3", "origin": "core.action", "processed": 3, "failed": 0, "suspended": 0, "suspended.duration": 0, "resumed": 0 }
2017-08-30T08:10:44.823083+00:00 some-node.example.org rsyslogd-pstats: { "name": "action 4", "origin": "core.action", "processed": 25, "failed": 0, "suspended": 0, "suspended.duration": 0, "resumed": 0 }
2017-08-30T08:10:44.823088+00:00 some-node.example.org rsyslogd-pstats: { "name": "action 5", "origin": "core.action", "processed": 0, "failed": 0, "suspended": 0, "suspended.duration": 0, "resumed": 0 }
2017-08-30T08:10:44.823093+00:00 some-node.example.org rsyslogd-pstats: { "name": "action 7", "origin": "core.action", "processed": 0, "failed": 0, "suspended": 0, "suspended.duration": 0, "resumed": 0 }
2017-08-30T08:10:44.823098+00:00 some-node.example.org rsyslogd-pstats: { "name": "action 10", "origin": "core.action", "processed": 0, "failed": 0, "suspended": 0, "suspended.duration": 0, "resumed": 0 }
2017-08-30T08:10:44.823103+00:00 some-node.example.org rsyslogd-pstats: { "name": "action 11", "origin": "core.action", "processed": 6, "failed": 0, "suspended": 0, "suspended.duration": 0, "resumed": 0 }
2017-08-30T08:10:44.823107+00:00 some-node.example.org rsyslogd-pstats: { "name": "action 12", "origin": "core.action", "processed": 2, "failed": 0, "suspended": 0, "suspended.duration": 0, "resumed": 0 }
2017-08-30T08:10:44.823111+00:00 some-node.example.org rsyslogd-pstats: { "name": "action 13", "origin": "core.action", "processed": 0, "failed": 0, "suspended": 0, "suspended.duration": 0, "resumed": 0 }
2017-08-30T08:10:44.823116+00:00 some-node.example.org rsyslogd-pstats: { "name": "action 14", "origin": "core.action", "processed": 0, "failed": 0, "suspended": 0, "suspended.duration": 0, "resumed": 0 }
2017-08-30T08:10:44.823121+00:00 some-node.example.org rsyslogd-pstats: { "name": "action 15", "origin": "core.action", "processed": 0, "failed": 0, "suspended": 0, "suspended.duration": 0, "resumed": 0 }
2017-08-30T08:10:44.823125+00:00 some-node.example.org rsyslogd-pstats: { "name": "action 16", "origin": "core.action", "processed": 0, "failed": 0, "suspended": 0, "suspended.duration": 0, "resumed": 0 }
2017-08-30T08:10:44.823142+00:00 some-node.example.org rsyslogd-pstats: { "name": "action 17", "origin": "core.action", "processed": 0, "failed": 0, "suspended": 0, "suspended.duration": 0, "resumed": 0 }
2017-08-30T08:10:44.823150+00:00 some-node.example.org rsyslogd-pstats: { "name": "imptcp(*\/\/var\/run\/go-audit.sock\/IPv4)", "origin": "imptcp", "submitted": 3, "sessions.opened": 0, "sessions.openfailed": 0, "sessions.closed": 1, "bytes.received": 2920, "bytes.decompressed": 0 }
2017-08-30T08:10:44.823159+00:00 some-node.example.org rsyslogd-pstats: { "name": "resource-usage", "origin": "impstats", "utime": 6000, "stime": 6000, "maxrss": 5876, "minflt": 605, "majflt": 0, "inblock": 0, "oublock": 0, "nvcsw": 85, "nivcsw": 15, "openfiles": 17 }
2017-08-30T08:10:44.823165+00:00 some-node.example.org rsyslogd-pstats: { "name": "main Q", "origin": "core.queue", "size": 18, "enqueued": 154, "full": 0, "discarded.full": 0, "discarded.nf": 0, "maxqsize": 20 }
2017-08-30T08:10:44.823169+00:00 some-node.example.org rsyslogd-pstats: { "name": "io-work-q", "origin": "imptcp", "enqueued": 0, "maxqsize": 0 }
2017-08-30T08:10:54.833332+00:00 some-node.example.org rsyslogd-pstats: { "name": "global", "origin": "dynstats", "values": { } }
2017-08-30T08:10:54.833352+00:00 some-node.example.org rsyslogd-pstats: { "name": "imuxsock", "origin": "imuxsock", "submitted": 33, "ratelimit.discarded": 0, "ratelimit.numratelimiters": 0 }
2017-08-30T08:10:54.833359+00:00 some-node.example.org rsyslogd-pstats: { "name": "action 0", "origin": "core.action", "processed": 0, "failed": 0, "suspended": 0, "suspended.duration": 0, "resumed": 0 }
2017-08-30T08:10:54.833365+00:00 some-node.example.org rsyslogd-pstats: { "name": "to_exporter_2", "origin": "core.action", "processed": 120, "failed": 0, "suspended": 0, "suspended.duration": 0, "resumed": 0 }
2017-08-30T08:10:54.833371+00:00 some-node.example.org rsyslogd-pstats: { "name": "action 3", "origin": "core.action", "processed": 3, "failed": 0, "suspended": 0, "suspended.duration": 0, "resumed": 0 }
2017-08-30T08:10:54.833375+00:00 some-node.example.org rsyslogd-pstats: { "name": "action 4", "origin": "core.action", "processed": 25, "failed": 0, "suspended": 0, "suspended.duration": 0, "resumed": 0 }
2017-08-30T08:10:54.833380+00:00 some-node.example.org rsyslogd-pstats: { "name": "action 5", "origin": "core.action", "processed": 0, "failed": 0, "suspended": 0, "suspended.duration": 0, "resumed": 0 }
2017-08-30T08:10:54.833385+00:00 some-node.example.org rsyslogd-pstats: { "name": "action 7", "origin": "core.action", "processed": 0, "failed": 0, "suspended": 0, "suspended.duration": 0, "resumed": 0 }
2017-08-30T08:10:54.833391+00:00 some-node.example.org rsyslogd-pstats: { "name": "action 10", "origin": "core.action", "processed": 0, "failed": 0, "suspended": 0, "suspended.duration": 0, "resumed": 0 }
2017-08-30T08:10:54.833395+00:00 some-node.example.org rsyslogd-pstats: { "name": "action 11", "origin": "core.action", "processed": 6, "failed": 0, "suspended": 0, "suspended.duration": 0, "resumed": 0 }
2017-08-30T08:10:54.833400+00:00 some-node.example.org rsyslogd-pstats: { "name": "action 12", "origin": "core.action", "processed": 2, "failed": 0, "suspended": 0, "suspended.duration": 0, "resumed": 0 }
2017-08-30T08:10:54.833404+00:00 some-node.example.org rsyslogd-pstats: { "name": "action 13", "origin": "core.action", "processed": 0, "failed": 0, "suspended": 0, "suspended.duration": 0, "resumed": 0 }
2017-08-30T08:10:54.833409+00:00 some-node.example.org rsyslogd-pstats: { "name": "action 14", "origin": "core.action", "processed": 0, "failed": 0, "suspended": 0, "suspended.duration": 0, "resumed": 0 }
2017-08-30T08:10:54.833414+00:00 some-node.example.org rsyslogd-pstats: { "name": "action 15", "origin": "core.action", "processed": 0, "failed": 0, "suspended": 0, "suspended.duration": 0, "resumed": 0 }
2017-08-30T08:10:54.833419+00:00 some-node.example.org rsyslogd-pstats: { "name": "action 16", "origin": "core.action", "processed": 0, "failed": 0, "suspended": 0, "suspended.duration": 0, "resumed": 0 }
2017-08-30T08:10:54.833423+00:00 some-node.example.org rsyslogd-pstats: { "name": "action 17", "origin": "core.action", "processed": 0, "failed": 0, "suspended": 0, "suspended.duration": 0, "resumed": 0 }
2017-08-30T08:10:54.833430+00:00 some-node.example.org rsyslogd-pstats: { "name": "imptcp(*\/\/var\/run\/go-audit.sock\/IPv4)", "origin": "imptcp", "submitted": 3, "sessions.opened": 0, "sessions.openfailed": 0, "sessions.closed": 1, "bytes.received": 2920, "bytes.decompressed": 0 }
2017-08-30T08:10:54.833439+00:00 some-node.example.org rsyslogd-pstats: { "name": "resource-usage", "origin": "impstats", "utime": 6000, "stime": 6000, "maxrss": 5876, "minflt": 605, "majflt": 0, "inblock": 0, "oublock": 0, "nvcsw": 87, "nivcsw": 15, "openfiles": 17 }
2017-08-30T08:10:54.833445+00:00 some-node.example.org rsyslogd-pstats: { "name": "main Q", "origin": "core.queue", "size": 18, "enqueued": 174, "full": 0, "discarded.full": 0, "discarded.nf": 0, "maxqsize": 20 }
2017-08-30T08:10:54.833449+00:00 some-node.example.org rsyslogd-pstats: { "name": "io-work-q", "origin": "imptcp", "enqueued": 0, "maxqsize": 0 }
2017-08-30T08:11:04.843631+00:00 some-node.example.org rsyslogd-pstats: { "name": "global", "origin": "dynstats", "values": { } }
2017-08-30T08:11:04.843651+00:00 some-node.example.org rsyslogd-pstats: { "name": "imuxsock", "origin": "imuxsock", "submitted": 36, "ratelimit.discarded": 0, "ratelimit.numratelimiters": 0 }
2017-08-30T08:11:04.843659+00:00 some-node.example.org rsyslogd-pstats: { "name": "action 0", "origin": "core.action", "processed": 0, "failed": 0, "suspended": 0, "suspended.duration": 0, "resumed": 0 }
2017-08-30T08:11:04.843665+00:00 some-node.example.org rsyslogd-pstats: { "name": "to_exporter_2", "origin": "core.action", "processed": 140, "failed": 0, "suspended": 0, "suspended.duration": 0, "resumed": 0 }
2017-08-30T08:11:04.843671+00:00 some-node.example.org rsyslogd-pstats: { "name": "action 3", "origin": "core.action", "processed": 3, "failed": 0, "suspended": 0, "suspended.duration": 0, "resumed": 0 }
2017-08-30T08:11:04.843675+00:00 some-node.example.org rsyslogd-pstats: { "name": "action 4", "origin": "core.action", "processed": 28, "failed": 0, "suspended": 0, "suspended.duration": 0, "resumed": 0 }
2017-08-30T08:11:04.843680+00:00 some-node.example.org rsyslogd-pstats: { "name": "action 5", "origin": "core.action", "processed": 0, "failed": 0, "suspended": 0, "suspended.duration": 0, "resumed": 0 }
2017-08-30T08:11:04.843685+00:00 some-node.example.org rsyslogd-pstats: { "name": "action 7", "origin": "core.action", "processed": 0, "failed": 0, "suspended": 0, "suspended.duration": 0, "resumed": 0 }
2017-08-30T08:11:04.843690+00:00 some-node.example.org rsyslogd-pstats: { "name": "action 10", "origin": "core.action", "processed": 0, "failed": 0, "suspended": 0, "suspended.duration": 0, "resumed": 0 }
2017-08-30T08:11:04.843695+00:00 some-node.example.org rsyslogd-pstats: { "name": "action 11", "origin": "core.action", "processed": 6, "failed": 0, "suspended": 0, "suspended.duration": 0, "resumed": 0 }
2017-08-30T08:11:04.843699+00:00 some-node.example.org rsyslogd-pstats: { "name": "action 12", "origin": "core.action", "processed": 2, "failed": 0, "suspended": 0, "suspended.duration": 0, "resumed": 0 }
2017-08-30T08:11:04.843703+00:00 some-node.example.org rsyslogd-pstats: { "name": "action 13", "origin": "core.action", "processed": 0, "failed": 0, "suspended": 0, "suspended.duration": 0, "resumed": 0 }
2017-08-30T08:11:04.843709+00:00 some-node.example.org rsyslogd-pstats: { "name": "action 14", "origin": "core.action", "processed": 0, "failed": 0, "suspended": 0, "suspended.duration": 0, "resumed": 0 }
2017-08-30T08:11:04.843713+00:00 some-node.example.org rsyslogd-pstats: { "name": "action 15", "origin": "core.action", "processed": 0, "failed": 0, "suspended": 0, "suspended.duration": 0, "resumed": 0 }
2017-08-30T08:11:04.843718+00:00 some-node.example.org rsyslogd-pstats: { "name": "action 16", "origin": "core.action", "processed": 0, "failed": 0, "suspended": 0, "suspended.duration": 0, "resumed": 0 }
2017-08-30T08:11:04.843722+00:00 some-node.example.org rsyslogd-pstats: { "name": "action 17", "origin": "core.action", "processed": 0, "failed": 0, "suspended": 0, "suspended.duration": 0, "resumed": 0 }
2017-08-30T08:11:04.843729+00:00 some-node.example.org rsyslogd-pstats: { "name": "imptcp(*\/\/var\/run\/go-audit.sock\/IPv4)", "origin": "imptcp", "submitted": 3, "sessions.opened": 0, "sessions.openfailed": 0, "sessions.closed": 1, "bytes.received": 2920, "bytes.decompressed": 0 }
2017-08-30T08:11:04.843739+00:00 some-node.example.org rsyslogd-pstats: { "name": "resource-usage", "origin": "impstats", "utime": 7000, "stime": 6000, "maxrss": 5876, "minflt": 606, "majflt": 0, "inblock": 0, "oublock": 0, "nvcsw": 95, "nivcsw": 15, "openfiles": 17 }
2017-08-30T08:11:04.843744+00:00 some-node.example.org rsyslogd-pstats: { "name": "main Q", "origin": "core.queue", "size": 18, "enqueued": 197, "full": 0, "discarded.full": 0, "discarded.nf": 0, "maxqsize": 20 }
2017-08-30T08:11:04.843749+00:00 some-node.example.org rsyslogd-pstats: { "name": "io-work-q", "origin": "imptcp", "enqueued": 0, "maxqsize": 0 }
2017-08-30T08:11:14.853927+00:00 some-node.example.org rsyslogd-pstats: { "name": "global", "origin": "dynstats", "values": { } }
2017-08-30T08:11:14.853946+00:00 some-node.example.org rsyslogd-pstats: { "name": "imuxsock", "origin": "imuxsock", "submitted": 36, "ratelimit.discarded": 0, "ratelimit.numratelimiters": 0 }
2017-08-30T08:11:14.853954+00:00 some-node.example.org rsyslogd-pstats: { "name": "action 0", "origin": "core.action", "processed": 0, "failed": 0, "suspended": 0, "suspended.duration": 0, "resumed": 0 }
2017-08-30T08:11:14.853960+00:00 some-node.example.org rsyslogd-pstats: { "name": "to_exporter_2", "origin": "core.action", "processed": 160, "failed": 0, "suspended": 0, "suspended.duration": 0, "resumed": 0 }
2017-08-30T08:11:14.853965+00:00 some-node.example.org rsyslogd-pstats: { "name": "action 3", "origin": "core.action", "processed": 3, "failed": 0, "suspended": 0, "suspended.duration": 0, "resumed": 0 }
2017-08-30T08:11:14.853970+00:00 some-node.example.org rsyslogd-pstats: { "name": "action 4", "origin": "core.action", "processed": 28, "failed": 0, "suspended": 0, "suspended.duration": 0, "resumed": 0 }
2017-08-30T08:11:14.853974+00:00 some-node.example.org rsyslogd-pstats: { "name": "action 5", "origin": "core.action", "processed": 0, "failed": 0, "suspended": 0, "suspended.duration": 0, "resumed": 0 }
2017-08-30T08:11:14.853980+00:00 some-node.example.org rsyslogd-pstats: { "name": "action 7", "origin": "core.action", "processed": 0, "failed": 0, "suspended": 0, "suspended.duration": 0, "resumed": 0 }
2017-08-30T08:11:14.853985+00:00 some-node.example.org rsyslogd-pstats: { "name": "action 10", "origin": "core.action", "processed": 0, "failed": 0, "suspended": 0, "suspended.duration": 0, "resumed": 0 }
2017-08-30T08:11:14.853990+00:00 some-node.example.org rsyslogd-pstats: { "name": "action 11", "origin": "core.action", "processed": 6, "failed": 0, "suspended": 0, "suspended.duration": 0, "resumed": 0 }
2017-08-30T08:11:14.853994+00:00 some-node.example.org rsyslogd-pstats: { "name": "action 12", "origin": "core.action", "processed": 2, "failed": 0, "suspended": 0, "suspended.duration": 0, "resumed": 0 }
2017-08-30T08:11:14.853998+00:00 some-node.example.org rsyslogd-pstats: { "name": "action 13", "origin": "core.action", "processed": 0, "failed": 0, "suspended": 0, "suspended.duration": 0, "resumed": 0 }
2017-08-30T08:11:14.854003+00:00 some-node.example.org rsyslogd-pstats: { "name": "action 14", "origin": "core.action", "processed": 0, "failed": 0, "suspended": 0, "suspended.duration": 0, "resumed": 0 }
2017-08-30T08:11:14.854008+00:00 some-node.example.org rsyslogd-pstats: { "name": "action 15", "origin": "core.action", "processed": 0, "failed": 0, "suspended": 0, "suspended.duration": 0, "resumed": 0 }
2017-08-30T08:11:14.854012+00:00 some-node.example.org rsyslogd-pstats: { "name": "action 16", "origin": "core.action", "processed": 0, "failed": 0, "suspended": 0, "suspended.duration": 0, "resumed": 0 }
2017-08-30T08:11:14.854017+00:00 some-node.example.org rsyslogd-pstats: { "name": "action 17", "origin": "core.action", "processed": 0, "failed": 0, "suspended": 0, "suspended.duration": 0, "resumed": 0 }
2017-08-30T08:11:14.854023+00:00 some-node.example.org rsyslogd-pstats: { "name": "imptcp(*\/\/var\/run\/go-audit.sock\/IPv4)", "origin": "imptcp", "submitted": 3, "sessions.opened": 0, "sessions.openfailed": 0, "sessions.closed": 1, "bytes.received": 2920, "bytes.decompressed": 0 }
2017-08-30T08:11:14.854031+00:00 some-node.example.org rsyslogd-pstats: { "name": "resource-usage", "origin": "impstats", "utime": 7000, "stime": 6000, "maxrss": 5876, "minflt": 606, "majflt": 0, "inblock": 0, "oublock": 0, "nvcsw": 97, "nivcsw": 15, "openfiles": 17 }
2017-08-30T08:11:14.854037+00:00 some-node.example.org rsyslogd-pstats: { "name": "main Q", "origin": "core.queue", "size": 18, "enqueued": 217, "full": 0, "discarded.full": 0, "discarded.nf": 0, "maxqsize": 20 }
2017-08-30T08:11:14.854041+00:00 some-node.example.org rsyslogd-pstats: { "name": "io-work-q", "origin": "imptcp", "enqueued": 0, "maxqsize": 0 }
2017-08-30T08:11:24.862793+00:00 some-node.example.org rsyslogd-pstats: { "name": "global", "origin": "dynstats", "values": { } }
2017-08-30T08:11:24.862812+00:00 some-node.example.org rsyslogd-pstats: { "name": "imuxsock", "origin": "imuxsock", "submitted": 36, "ratelimit.discarded": 0, "ratelimit.numratelimiters": 0 }
2017-08-30T08:11:24.862820+00:00 some-node.example.org rsyslogd-pstats: { "name": "action 0", "origin": "core.action", "processed": 0, "failed": 0, "suspended": 0, "suspended.duration": 0, "resumed": 0 }
2017-08-30T08:11:24.862826+00:00 some-node.example.org rsyslogd-pstats: { "name": "to_exporter_2", "origin": "core.action", "processed": 180, "failed": 0, "suspended": 0, "suspended.duration": 0, "resumed": 0 }
2017-08-30T08:11:24.862831+00:00 some-node.example.org rsyslogd-pstats: { "name": "action 3", "origin": "core.action", "processed": 3, "failed": 0, "suspended": 0, "suspended.duration": 0, "resumed": 0 }
2017-08-30T08:11:24.862835+00:00 some-node.example.org rsyslogd-pstats: { "name": "action 4", "origin": "core.action", "processed": 28, "failed": 0, "suspended": 0, "suspended.duration": 0, "resumed": 0 }
2017-08-30T08:11:24.862840+00:00 some-node.example.org rsyslogd-pstats: { "name": "action 5", "origin": "core.action", "processed": 0, "failed": 0, "suspended": 0, "suspended.duration": 0, "resumed": 0 }
2017-08-30T08:11:24.862845+00:00 some-node.example.org rsyslogd-pstats: { "name": "action 7", "origin": "core.action", "processed": 0, "failed": 0, "suspended": 0, "suspended.duration": 0, "resumed": 0 }
2017-08-30T08:11:24.862851+00:00 some-node.example.org rsyslogd-pstats: { "name": "action 10", "origin": "core.action", "processed": 0, "failed": 0, "suspended": 0, "suspended.duration": 0, "resumed": 0 }
2017-08-30T08:11:24.862855+00:00 some-node.example.org rsyslogd-pstats: { "name": "action 11", "origin": "core.action", "processed": 6, "failed": 0, "suspended": 0, "suspended.duration": 0, "resumed": 0 }
2017-08-30T08:11:24.862860+00:00 some-node.example.org rsyslogd-pstats: { "name": "action 12", "origin": "core.action", "processed": 2, "failed": 0, "suspended": 0, "suspended.duration": 0, "resumed": 0 }
2017-08-30T08:11:24.862864+00:00 some-node.example.org rsyslogd-pstats: { "name": "action 13", "origin": "core.action", "processed": 0, "failed": 0, "suspended": 0, "suspended.duration": 0, "resumed": 0 }
2017-08-30T08:11:24.862869+00:00 some-node.example.org rsyslogd-pstats: { "name": "action 14", "origin": "core.action", "processed": 0, "failed": 0, "suspended": 0, "suspended.duration": 0, "resumed": 0 }
2017-08-30T08:11:24.862874+00:00 some-node.example.org rsyslogd-pstats: { "name": "action 15", "origin": "core.action", "processed": 0, "failed": 0, "suspended": 0, "suspended.duration": 0, "resumed": 0 }
2017-08-30T08:11:24.862879+00:00 some-node.example.org rsyslogd-pstats: { "name": "action 16", "origin": "core.action", "processed": 0, "failed": 0, "suspended": 0, "suspended.duration": 0, "resumed": 0 }
2017-08-30T08:11:24.862883+00:00 some-node.example.org rsyslogd-pstats: { "name": "action 17", "origin": "core.action", "processed": 0, "failed": 0, "suspended": 0, "suspended.duration": 0, "resumed": 0 }
2017-08-30T08:11:24.862890+00:00 some-node.example.org rsyslogd-pstats: { "name": "imptcp(*\/\/var\/run\/go-audit.sock\/IPv4)", "origin": "imptcp", "submitted": 3, "sessions.opened": 0, "sessions.openfailed": 0, "sessions.closed": 1, "bytes.received": 2920, "bytes.decompressed": 0 }
2017-08-30T08:11:24.862899+00:00 some-node.example.org rsyslogd-pstats: { "name": "resource-usage", "origin": "impstats", "utime": 7000, "stime": 6000, "maxrss": 5876, "minflt": 606, "majflt": 0, "inblock": 0, "oublock": 0, "nvcsw": 99, "nivcsw": 15, "openfiles": 17 }
2017-08-30T08:11:24.862905+00:00 some-node.example.org rsyslogd-pstats: { "name": "main Q", "origin": "core.queue", "size": 18, "enqueued": 237, "full": 0, "discarded.full": 0, "discarded.nf": 0, "maxqsize": 20 }
2017-08-30T08:11:24.862909+00:00 some-node.example.org rsyslogd-pstats: { "name": "io-work-q", "origin": "imptcp", "enqueued": 0, "maxqsize": 0 }
2017-08-30T08:11:34.869986+00:00 some-node.example.org rsyslogd-pstats: { "name": "global", "origin": "dynstats", "values": { } }
2017-08-30T08:11:34.870005+00:00 some-node.example.org rsyslogd-pstats: { "name": "imuxsock", "origin": "imuxsock", "submitted": 39, "ratelimit.discarded": 0, "ratelimit.numratelimiters": 0 }
2017-08-30T08:11:34.870013+00:00 some-node.example.org rsyslogd-pstats: { "name": "action 0", "origin": "core.action", "processed": 0, "failed": 0, "suspended": 0, "suspended.duration": 0, "resumed": 0 }
2017-08-30T08:11:34.870019+00:00 some-node.example.org rsyslogd-pstats: { "name": "to_exporter_2", "origin": "core.action", "processed": 200, "failed": 0, "suspended": 0, "suspended.duration": 0, "resumed": 0 }
2017-08-30T08:11:34.870024+00:00 some-node.example.org rsyslogd-pstats: { "name": "action 3", "origin": "core.action", "processed": 3, "failed": 0, "suspended": 0, "suspended.duration": 0, "resumed": 0 }
2017-08-30T08:11:34.870029+00:00 some-node.example.org rsyslogd-pstats: { "name": "action 4", "origin": "core.action", "processed": 31, "failed": 0, "suspended": 0, "suspended.duration": 0, "resumed": 0 }
2017-08-30T08:11:34.870034+00:00 some-node.example.org rsyslogd-pstats: { "name": "action 5", "origin": "core.action", "processed": 0, "failed": 0, "suspended": 0, "suspended.duration": 0, "resumed": 0 }
2017-08-30T08:11:34.870039+00:00 some-node.example.org rsyslogd-pstats: { "name": "action 7", "origin": "core.action", "processed": 0, "failed": 0, "suspended": 0, "suspended.duration": 0, "resumed": 0 }
2017-08-30T08:11:34.870045+00:00 some-node.example.org rsyslogd-pstats: { "name": "action 10", "origin": "core.action", "processed": 0, "failed": 0, "suspended": 0, "suspended.duration": 0, "resumed": 0 }
2017-08-30T08:11:34.870049+00:00 some-node.example.org rsyslogd-pstats: { "name": "action 11", "origin": "core.action", "processed": 6, "failed": 0, "suspended": 0, "suspended.duration": 0, "resumed": 0 }
2017-08-30T08:11:34.870053+00:00 some-node.example.org rsyslogd-pstats: { "name": "action 12", "origin": "core.action", "processed": 2, "failed": 0, "suspended": 0, "suspended.duration": 0, "resumed": 0 }
2017-08-30T08:11:34.870058+00:00 some-node.example.org rsyslogd-pstats: { "name": "action 13", "origin": "core.action", "processed": 0, "failed": 0, "suspended": 0, "suspended.duration": 0, "resumed": 0 }
2017-08-30T08:11:34.870063+00:00 some-node.example.org rsyslogd-pstats: { "name": "action 14", "origin": "core.action", "processed": 0, "failed": 0, "suspended": 0, "suspended.duration": 0, "resumed": 0 }
2017-08-30T08:11:34.870068+00:00 some-node.example.org rsyslogd-pstats: { "name": "action 15", "origin": "core.action", "processed": 0, "failed": 0, "suspended": 0, "suspended.duration": 0, "resumed": 0 }
2017-08-30T08:11:34.870072+00:00 some-node.example.org rsyslogd-pstats: { "name": "action 16", "origin": "core.action", "processed": 0, "failed": 0, "suspended": 0, "suspended.duration": 0, "resumed": 0 }
2017-08-30T08:11:34.870077+00:00 some-node.example.org rsyslogd-pstats: { "name": "action 17", "origin": "core.action", "processed": 0, "failed": 0, "suspended": 0, "suspended.duration": 0, "resumed": 0 }
2017-08-30T08:11:34.870084+00:00 some-node.example.org rsyslogd-pstats: { "name": "imptcp(*\/\/var\/run\/go-audit.sock\/IPv4)", "origin": "imptcp", "submitted": 3, "sessions.opened": 0, "sessions.openfailed": 0, "sessions.closed": 1, "bytes.received": 2920, "bytes.decompressed": 0 }
2017-08-30T08:11:34.870093+00:00 some-node.example.org rsyslogd-pstats: { "name": "resource-usage", "origin": "impstats", "utime": 8000, "stime": 6000, "maxrss": 5876, "minflt": 606, "majflt": 0, "inblock": 0, "oublock": 0, "nvcsw": 107, "nivcsw": 15, "openfiles": 17 }
2017-08-30T08:11:34.870099+00:00 some-node.example.org rsyslogd-pstats: { "name": "main Q", "origin": "core.queue", "size": 18, "enqueued": 260, "full": 0, "discarded.full": 0, "discarded.nf": 0, "maxqsize": 20 }
2017-08-30T08:11:34.870103+00:00 some-node.example.org rsyslogd-pstats: { "name": "io-work-q", "origin": "imptcp", "enqueued": 0, "maxqsize": 0 }
2017-08-30T08:11:44.876344+00:00 some-node.example.org rsyslogd-pstats: { "name": "global", "origin": "dynstats", "values": { } }
2017-08-30T08:11:44.876364+00:00 some-node.example.org rsyslogd-pstats: { "name": "imuxsock", "origin": "imuxsock", "submitted": 39, "ratelimit.discarded": 0, "ratelimit.numratelimiters": 0 }
2017-08-30T08:11:44.876372+00:00 some-node.example.org rsyslogd-pstats: { "name": "action 0", "origin": "core.action", "processed": 0, "failed": 0, "suspended": 0, "suspended.duration": 0, "resumed": 0 }
2017-08-30T08:11:44.876378+00:00 some-node.example.org rsyslogd-pstats: { "name": "to_exporter_2", "origin": "core.action", "processed": 220, "failed": 0, "suspended": 0, "suspended.duration": 0, "resumed": 0 }
2017-08-30T08:11:44.876383+00:00 some-node.example.org rsyslogd-pstats: { "name": "action 3", "origin": "core.action", "processed": 3, "failed": 0, "suspended": 0, "suspended.duration": 0, "resumed": 0 }
2017-08-30T08:11:44.876388+00:00 some-node.example.org rsyslogd-pstats: { "name": "action 4", "origin": "core.action", "processed": 31, "failed": 0, "suspended": 0, "suspended.duration": 0, "resumed": 0 }
2017-08-30T08:11:44.876392+00:00 some-node.example.org rsyslogd-pstats: { "name": "action 5", "origin": "core.action", "processed": 0, "failed": 0, "suspended": 0, "suspended.duration": 0, "resumed": 0 }
2017-08-30T08:11:44.876398+00:00 some-node.example.org rsyslogd-pstats: { "name": "action 7", "origin": "core.action", "processed": 0, "failed": 0, "suspended": 0, "suspended.duration": 0, "resumed": 0 }
2017-08-30T08:11:44.876403+00:00 some-node.example.org rsyslogd-pstats: { "name": "action 10", "origin": "core.action", "processed": 0, "failed": 0, "suspended": 0, "suspended.duration": 0, "resumed": 0 }
2017-08-30T08:11:44.876408+00:00 some-node.example.org rsyslogd-pstats: { "name": "action 11", "origin": "core.action", "processed": 6, "failed": 0, "suspended": 0, "suspended.duration": 0, "resumed": 0 }
2017-08-30T08:11:44.876412+00:00 some-node.example.org rsyslogd-pstats: { "name": "action 12", "origin": "core.action", "processed": 2, "failed": 0, "suspended": 0, "suspended.duration": 0, "resumed": 0 }
2017-08-30T08:11:44.876417+00:00 some-node.example.org rsyslogd-pstats: { "name": "action 13", "origin": "core.action", "processed": 0, "failed": 0, "suspended": 0, "suspended.duration": 0, "resumed": 0 }
2017-08-30T08:11:44.876422+00:00 some-node.example.org rsyslogd-pstats: { "name": "action 14", "origin": "core.action", "processed": 0, "failed": 0, "suspended": 0, "suspended.duration": 0, "resumed": 0 }
2017-08-30T08:11:44.876427+00:00 some-node.example.org rsyslogd-pstats: { "name": "action 15", "origin": "core.action", "processed": 0, "failed": 0, "suspended": 0, "suspended.duration": 0, "resumed": 0 }
2017-08-30T08:11:44.876432+00:00 some-node.example.org rsyslogd-pstats: { "name": "action 16", "origin": "core.action", "processed": 0, "failed": 0, "suspended": 0, "suspended.duration": 0, "resumed": 0 }
2017-08-30T08:11:44.876436+00:00 some-node.example.org rsyslogd-pstats: { "name": "action 17", "origin": "core.action", "processed": 0, "failed": 0, "suspended": 0, "suspended.duration": 0, "resumed": 0 }
2017-08-30T08:11:44.876443+00:00 some-node.example.org rsyslogd-pstats: { "name": "imptcp(*\/\/var\/run\/go-audit.sock\/IPv4)", "origin": "imptcp", "submitted": 3, "sessions.opened": 0, "sessions.openfailed": 0, "sessions.closed": 1, "bytes.received": 2920, "bytes.decompressed": 0 }
2017-08-30T08:11:44.876452+00:00 some-node.example.org rsyslogd-pstats: { "name": "resource-usage", "origin": "impstats", "utime": 8000, "stime": 6000, "maxrss": 5876, "minflt": 606, "majflt": 0, "inblock": 0, "oublock": 0, "nvcsw": 109, "nivcsw": 15, "openfiles": 17 }
2017-08-30T08:11:44.876458+00:00 some-node.example.org rsyslogd-pstats: { "name": "main Q", "origin": "core.queue", "size": 18, "enqueued": 280, "full": 0, "discarded.full": 0, "discarded.nf": 0, "maxqsize": 20 }
2017-08-30T08:11:44.876462+00:00 some-node.example.org rsyslogd-pstats: { "name": "io-work-q", "origin": "imptcp", "enqueued": 0, "maxqsize": 0 }
2017-08-30T08:11:54.883536+00:00 some-node.example.org rsyslogd-pstats: { "name": "global", "origin": "dynstats", "values": { } }
2017-08-30T08:11:54.883554+00:00 some-node.example.org rsyslogd-pstats: { "name": "imuxsock", "origin": "imuxsock", "submitted": 39, "ratelimit.discarded": 0, "ratelimit.numratelimiters": 0 }
2017-08-30T08:11:54.883562+00:00 some-node.example.org rsyslogd-pstats: { "name": "action 0", "origin": "core.action", "processed": 0, "failed": 0, "suspended": 0, "suspended.duration": 0, "resumed": 0 }
2017-08-30T08:11:54.883568+00:00 some-node.example.org rsyslogd-pstats: { "name": "to_exporter_2", "origin": "core.action", "processed": 240, "failed": 0, "suspended": 0, "suspended.duration": 0, "resumed": 0 }
2017-08-30T08:11:54.883574+00:00 some-node.example.org rsyslogd-pstats: { "name": "action 3", "origin": "core.action", "processed": 4, "failed": 0, "suspended": 0, "suspended.duration": 0, "resumed": 0 }
2017-08-30T08:11:54.883578+00:00 some-node.example.org rsyslogd-pstats: { "name": "action 4", "origin": "core.action", "processed": 31, "failed": 0, "suspended": 0, "suspended.duration": 0, "resumed": 0 }
2017-08-30T08:11:54.883583+00:00 some-node.example.org rsyslogd-pstats: { "name": "action 5", "origin": "core.action", "processed": 0, "failed": 0, "suspended": 0, "suspended.duration": 0, "resumed": 0 }
2017-08-30T08:11:54.883588+00:00 some-node.example.org rsyslogd-pstats: { "name": "action 7", "origin": "core.action", "processed": 0, "failed": 0, "suspended": 0, "suspended.duration": 0, "resumed": 0 }
2017-08-30T08:11:54.883593+00:00 some-node.example.org rsyslogd-pstats: { "name": "action 10", "origin": "core.action", "processed": 0, "failed": 0, "suspended": 0, "suspended.duration": 0, "resumed": 0 }
2017-08-30T08:11:54.883598+00:00 some-node.example.org rsyslogd-pstats: { "name": "action 11", "origin": "core.action", "processed": 6, "failed": 0, "suspended": 0, "suspended.duration": 0, "resumed": 0 }
2017-08-30T08:11:54.883602+00:00 some-node.example.org rsyslogd-pstats: { "name": "action 12", "origin": "core.action", "processed": 2, "failed": 0, "suspended": 0, "suspended.duration": 0, "resumed": 0 }
2017-08-30T08:11:54.883606+00:00 some-node.example.org rsyslogd-pstats: { "name": "action 13", "origin": "core.action", "processed": 0, "failed": 0, "suspended": 0, "suspended.duration": 0, "resumed": 0 }
2017-08-30T08:11:54.883612+00:00 some-node.example.org rsyslogd-pstats: { "name": "action 14", "origin": "core.action", "processed": 0, "failed": 0, "suspended": 0, "suspended.duration": 0, "resumed": 0 }
2017-08-30T08:11:54.883616+00:00 some-node.example.org rsyslogd-pstats: { "name": "action 15", "origin": "core.action", "processed": 0, "failed": 0, "suspended": 0, "suspended.duration": 0, "resumed": 0 }
2017-08-30T08:11:54.883621+00:00 some-node.example.org rsyslogd-pstats: { "name": "action 16", "origin": "core.action", "processed": 0, "failed": 0, "suspended": 0, "suspended.duration": 0, "resumed": 0 }
2017-08-30T08:11:54.883625+00:00 some-node.example.org rsyslogd-pstats: { "name": "action 17", "origin": "core.action", "processed": 0, "failed": 0, "suspended": 0, "suspended.duration": 0, "resumed": 0 }
2017-08-30T08:11:54.883632+00:00 some-node.example.org rsyslogd-pstats: { "name": "imptcp(*\/\/var\/run\/go-audit.sock\/IPv4)", "origin": "imptcp", "submitted": 4, "sessions.opened": 0, "sessions.openfailed": 0, "sessions.closed": 1, "bytes.received": 3901, "bytes.decompressed": 0 }
2017-08-30T08:11:54.883641+00:00 some-node.example.org rsyslogd-pstats: { "name": "resource-usage", "origin": "impstats", "utime": 8000, "stime": 6000, "maxrss": 5876, "minflt": 606, "majflt": 0, "inblock": 0, "oublock": 0, "nvcsw": 113, "nivcsw": 15, "openfiles": 17 }
2017-08-30T08:11:54.883647+00:00 some-node.example.org rsyslogd-pstats: { "name": "main Q", "origin": "core.queue", "size": 18, "enqueued": 301, "full": 0, "discarded.full": 0, "discarded.nf": 0, "maxqsize": 20 }
2017-08-30T08:11:54.883651+00:00 some-node.example.org rsyslogd-pstats: { "name": "io-work-q", "origin": "imptcp", "enqueued": 0, "maxqsize": 0 }
2017-08-30T08:12:04.889209+00:00 some-node.example.org rsyslogd-pstats: { "name": "global", "origin": "dynstats", "values": { } }
2017-08-30T08:12:04.889228+00:00 some-node.example.org rsyslogd-pstats: { "name": "imuxsock", "origin": "imuxsock", "submitted": 42, "ratelimit.discarded": 0, "ratelimit.numratelimiters": 0 }
2017-08-30T08:12:04.889236+00:00 some-node.example.org rsyslogd-pstats: { "name": "action 0", "origin": "core.action", "processed": 0, "failed": 0, "suspended": 0, "suspended.duration": 0, "resumed": 0 }
2017-08-30T08:12:04.889243+00:00 some-node.example.org rsyslogd-pstats: { "name": "to_exporter_2", "origin": "core.action", "processed": 260, "failed": 0, "suspended": 0, "suspended.duration": 0, "resumed": 0 }
2017-08-30T08:12:04.889248+00:00 some-node.example.org rsyslogd-pstats: { "name": "action 3", "origin": "core.action", "processed": 4, "failed": 0, "suspended": 0, "suspended.duration": 0, "resumed": 0 }
2017-08-30T08:12:04.889253+00:00 some-node.example.org rsyslogd-pstats: { "name": "action 4", "origin": "core.action", "processed": 34, "failed": 0, "suspended": 0, "suspended.duration": 0, "resumed": 0 }
2017-08-30T08:12:04.889258+00:00 some-node.example.org rsyslogd-pstats: { "name": "action 5", "origin": "core.action", "processed": 0, "failed": 0, "suspended": 0, "suspended.duration": 0, "resumed": 0 }
2017-08-30T08:12:04.889263+00:00 some-node.example.org rsyslogd-pstats: { "name": "action 7", "origin": "core.action", "processed": 0, "failed": 0, "suspended": 0, "suspended.duration": 0, "resumed": 0 }
2017-08-30T08:12:04.889268+00:00 some-node.example.org rsyslogd-pstats: { "name": "action 10", "origin": "core.action", "processed": 0, "failed": 0, "suspended": 0, "suspended.duration": 0, "resumed": 0 }
2017-08-30T08:12:04.889273+00:00 some-node.example.org rsyslogd-pstats: { "name": "action 11", "origin": "core.action", "processed": 6, "failed": 0, "suspended": 0, "suspended.duration": 0, "resumed": 0 }
2017-08-30T08:12:04.889277+00:00 some-node.example.org rsyslogd-pstats: { "name": "action 12", "origin": "core.action", "processed": 2, "failed": 0, "suspended": 0, "suspended.duration": 0, "resumed": 0 }
2017-08-30T08:12:04.889282+00:00 some-node.example.org rsyslogd-pstats: { "name": "action 13", "origin": "core.action", "processed": 0, "failed": 0, "suspended": 0, "suspended.duration": 0, "resumed": 0 }
2017-08-30T08:12:04.889287+00:00 some-node.example.org rsyslogd-pstats: { "name": "action 14", "origin": "core.action", "processed": 0, "failed": 0, "suspended": 0, "suspended.duration": 0, "resumed": 0 }
2017-08-30T08:12:04.889292+00:00 some-node.example.org rsyslogd-pstats: { "name": "action 15", "origin": "core.action", "processed": 0, "failed": 0, "suspended": 0, "suspended.duration": 0, "resumed": 0 }
2017-08-30T08:12:04.889296+00:00 some-node.example.org rsyslogd-pstats: { "name": "action 16", "origin": "core.action", "processed": 0, "failed": 0, "suspended": 0, "suspended.duration": 0, "resumed": 0 }
2017-08-30T08:12:04.889301+00:00 some-node.example.org rsyslogd-pstats: { "name": "action 17", "origin": "core.action", "processed": 0, "failed": 0, "suspended": 0, "suspended.duration": 0, "resumed": 0 }
2017-08-30T08:12:04.889308+00:00 some-node.example.org rsyslogd-pstats: { "name": "imptcp(*\/\/var\/run\/go-audit.sock\/IPv4)", "origin": "imptcp", "submitted": 4, "sessions.opened": 0, "sessions.openfailed": 0, "sessions.closed": 1, "bytes.received": 3901, "bytes.decompressed": 0 }
2017-08-30T08:12:04.889317+00:00 some-node.example.org rsyslogd-pstats: { "name": "resource-usage", "origin": "impstats", "utime": 8000, "stime": 7000, "maxrss": 5876, "minflt": 606, "majflt": 0, "inblock": 0, "oublock": 0, "nvcsw": 121, "nivcsw": 15, "openfiles": 17 }
2017-08-30T08:12:04.889322+00:00 some-node.example.org rsyslogd-pstats: { "name": "main Q", "origin": "core.queue", "size": 18, "enqueued": 324, "full": 0, "discarded.full": 0, "discarded.nf": 0, "maxqsize": 20 }
2017-08-30T08:12:04.889327+00:00 some-node.example.org rsyslogd-pstats: { "name": "io-work-q", "origin": "imptcp", "enqueued": 0, "maxqsize": 0 }
2017-08-30T08:12:14.895862+00:00 some-node.example.org rsyslogd-pstats: { "name": "global", "origin": "dynstats", "values": { } }
2017-08-30T08:12:14.895881+00:00 some-node.example.org rsyslogd-pstats: { "name": "imuxsock", "origin": "imuxsock", "submitted": 42, "ratelimit.discarded": 0, "ratelimit.numratelimiters": 0 }
2017-08-30T08:12:14.895889+00:00 some-node.example.org rsyslogd-pstats: { "name": "action 0", "origin": "core.action", "processed": 0, "failed": 0, "suspended": 0, "suspended.duration": 0, "resumed": 0 }
2017-08-30T08:12:14.895895+00:00 some-node.example.org rsyslogd-pstats: { "name": "to_exporter_2", "origin": "core.action", "processed": 280, "failed": 0, "suspended": 0, "suspended.duration": 0, "resumed": 0 }
2017-08-30T08:12:14.895900+00:00 some-node.example.org rsyslogd-pstats: { "name": "action 3", "origin": "core.action", "processed": 4, "failed": 0, "suspended": 0, "suspended.duration": 0, "resumed": 0 }
2017-08-30T08:12:14.895905+00:00 some-node.example.org rsyslogd-pstats: { "name": "action 4", "origin": "core.action", "processed": 34, "failed": 0, "suspended": 0, "suspended.duration": 0, "resumed": 0 }
2017-08-30T08:12:14.895909+00:00 some-node.example.org rsyslogd-pstats: { "name": "action 5", "origin": "core.action", "processed": 0, "failed": 0, "suspended": 0, "suspended.duration": 0, "resumed": 0 }
2017-08-30T08:12:14.895914+00:00 some-node.example.org rsyslogd-pstats: { "name": "action 7", "origin": "core.action", "processed": 0, "failed": 0, "suspended": 0, "suspended.duration": 0, "resumed": 0 }
2017-08-30T08:12:14.895920+00:00 some-node.example.org rsyslogd-pstats: { "name": "action 10", "origin": "core.action", "processed": 0, "failed": 0, "suspended": 0, "suspended.duration": 0, "resumed": 0 }
2017-08-30T08:12:14.895924+00:00 some-node.example.org rsyslogd-pstats: { "name": "action 11", "origin": "core.action", "processed": 6, "failed": 0, "suspended": 0, "suspended.duration": 0, "resumed": 0 }
2017-08-30T08:12:14.895929+00:00 some-node.example.org rsyslogd-pstats: { "name": "action 12", "origin": "core.action", "processed": 2, "failed": 0, "suspended": 0, "suspended.duration": 0, "resumed": 0 }
2017-08-30T08:12:14.895933+00:00 some-node.example.org rsyslogd-pstats: { "name": "action 13", "origin": "core.action", "processed": 0, "failed": 0, "suspended": 0, "suspended.duration": 0, "resumed": 0 }
2017-08-30T08:12:14.895938+00:00 some-node.example.org rsyslogd-pstats: { "name": "action 14", "origin": "core.action", "processed": 0, "failed": 0, "suspended": 0, "suspended.duration": 0, "resumed": 0 }
2017-08-30T08:12:14.895943+00:00 some-node.example.org rsyslogd-pstats: { "name": "action 15", "origin": "core.action", "processed": 0, "failed": 0, "suspended": 0, "suspended.duration": 0, "resumed": 0 }
2017-08-30T08:12:14.895948+00:00 some-node.example.org rsyslogd-pstats: { "name": "action 16", "origin": "core.action", "processed": 0, "failed": 0, "suspended": 0, "suspended.duration": 0, "resumed": 0 }
2017-08-30T08:12:14.895952+00:00 some-node.example.org rsyslogd-pstats: { "name": "action 17", "origin": "core.action", "processed": 0, "failed": 0, "suspended": 0, "suspended.duration": 0, "resumed": 0 }
2017-08-30T08:12:14.895959+00:00 some-node.example.org rsyslogd-pstats: { "name": "imptcp(*\/\/var\/run\/go-audit.sock\/IPv4)", "origin": "imptcp", "submitted": 4, "sessions.opened": 0, "sessions.openfailed": 0, "sessions.closed": 1, "bytes.received": 3901, "bytes.decompressed": 0 }
2017-08-30T08:12:14.895968+00:00 some-node.example.org rsyslogd-pstats: { "name": "resource-usage", "origin": "impstats", "utime": 8000, "stime": 7000, "maxrss": 5876, "minflt": 606, "majflt": 0, "inblock": 0, "oublock": 0, "nvcsw": 123, "nivcsw": 15, "openfiles": 17 }
2017-08-30T08:12:14.895974+00:00 some-node.example.org rsyslogd-pstats: { "name": "main Q", "origin": "core.queue", "size": 18, "enqueued": 344, "full": 0, "discarded.full": 0, "discarded.nf": 0, "maxqsize": 20 }
2017-08-30T08:12:14.895978+00:00 some-node.example.org rsyslogd-pstats: { "name": "io-work-q", "origin": "imptcp", "enqueued": 0, "maxqsize": 0 }
2017-08-30T08:12:24.903554+00:00 some-node.example.org rsyslogd-pstats: { "name": "global", "origin": "dynstats", "values": { } }
2017-08-30T08:12:24.903574+00:00 some-node.example.org rsyslogd-pstats: { "name": "imuxsock", "origin": "imuxsock", "submitted": 42, "ratelimit.discarded": 0, "ratelimit.numratelimiters": 0 }
2017-08-30T08:12:24.903582+00:00 some-node.example.org rsyslogd-pstats: { "name": "action 0", "origin": "core.action", "processed": 0, "failed": 0, "suspended": 0, "suspended.duration": 0, "resumed": 0 }
2017-08-30T08:12:24.903588+00:00 some-node.example.org rsyslogd-pstats: { "name": "to_exporter_2", "origin": "core.action", "processed": 300, "failed": 0, "suspended": 0, "suspended.duration": 0, "resumed": 0 }
2017-08-30T08:12:24.903593+00:00 some-node.example.org rsyslogd-pstats: { "name": "action 3", "origin": "core.action", "processed": 4, "failed": 0, "suspended": 0, "suspended.duration": 0, "resumed": 0 }
2017-08-30T08:12:24.903598+00:00 some-node.example.org rsyslogd-pstats: { "name": "action 4", "origin": "core.action", "processed": 34, "failed": 0, "suspended": 0, "suspended.duration": 0, "resumed": 0 }
2017-08-30T08:12:24.903602+00:00 some-node.example.org rsyslogd-pstats: { "name": "action 5", "origin": "core.action", "processed": 0, "failed": 0, "suspended": 0, "suspended.duration": 0, "resumed": 0 }
2017-08-30T08:12:24.903608+00:00 some-node.example.org rsyslogd-pstats: { "name": "action 7", "origin": "core.action", "processed": 0, "failed": 0, "suspended": 0, "suspended.duration": 0, "resumed": 0 }
2017-08-30T08:12:24.903613+00:00 some-node.example.org rsyslogd-pstats: { "name": "action 10", "origin": "core.action", "processed": 0, "failed": 0, "suspended": 0, "suspended.duration": 0, "resumed": 0 }
2017-08-30T08:12:24.903617+00:00 some-node.example.org rsyslogd-pstats: { "name": "action 11", "origin": "core.action", "processed": 6, "failed": 0, "suspended": 0, "suspended.duration": 0, "resumed": 0 }
2017-08-30T08:12:24.903622+00:00 some-node.example.org rsyslogd-pstats: { "name": "action 12", "origin": "core.action", "processed": 2, "failed": 0, "suspended": 0, "suspended.duration": 0, "resumed": 0 }
2017-08-30T08:12:24.903626+00:00 some-node.example.org rsyslogd-pstats: { "name": "action 13", "origin": "core.action", "processed": 0, "failed": 0, "suspended": 0, "suspended.duration": 0, "resumed": 0 }
2017-08-30T08:12:24.903631+00:00 some-node.example.org rsyslogd-pstats: { "name": "action 14", "origin": "core.action", "processed": 0, "failed": 0, "suspended": 0, "suspended.duration": 0, "resumed": 0 }
2017-08-30T08:12:24.903636+00:00 some-node.example.org rsyslogd-pstats: { "name": "action 15", "origin": "core.action", "processed": 0, "failed": 0, "suspended": 0, "suspended.duration": 0, "resumed": 0 }
2017-08-30T08:12:24.903641+00:00 some-node.example.org rsyslogd-pstats: { "name": "action 16", "origin": "core.action", "processed": 0, "failed": 0, "suspended": 0, "suspended.duration": 0, "resumed": 0 }
2017-08-30T08:12:24.903645+00:00 some-node.example.org rsyslogd-pstats: { "name": "action 17", "origin": "core.action", "processed": 0, "failed": 0, "suspended": 0, "suspended.duration": 0, "resumed": 0 }
2017-08-30T08:12:24.903652+00:00 some-node.example.org rsyslogd-pstats: { "name": "imptcp(*\/\/var\/run\/go-audit.sock\/IPv4)", "origin": "imptcp", "submitted": 4, "sessions.opened": 0, "sessions.openfailed": 0, "sessions.closed": 1, "bytes.received": 3901, "bytes.decompressed": 0 }
2017-08-30T08:12:24.903661+00:00 some-node.example.org rsyslogd-pstats: { "name": "resource-usage", "origin": "impstats", "utime": 8000, "stime": 7000, "maxrss": 5876, "minflt": 606, "majflt": 0, "inblock": 0, "oublock": 0, "nvcsw": 125, "nivcsw": 15, "openfiles": 17 }
2017-08-30T08:12:24.903667+00:00 some-node.example.org rsyslogd-pstats: { "name": "main Q", "origin": "core.queue", "size": 18, "enqueued": 364, "full": 0, "discarded.full": 0, "discarded.nf": 0, "maxqsize": 20 }
2017-08-30T08:12:24.903671+00:00 some-node.example.org rsyslogd-pstats: { "name": "io-work-q", "origin": "imptcp", "enqueued": 0, "maxqsize": 0 }
2017-08-30T08:12:34.909129+00:00 some-node.example.org rsyslogd-pstats: { "name": "global", "origin": "dynstats", "values": { } }
2017-08-30T08:12:34.909151+00:00 some-node.example.org rsyslogd-pstats: { "name": "imuxsock", "origin": "imuxsock", "submitted": 45, "ratelimit.discarded": 0, "ratelimit.numratelimiters": 0 }
2017-08-30T08:12:34.909159+00:00 some-node.example.org rsyslogd-pstats: { "name": "action 0", "origin": "core.action", "processed": 0, "failed": 0, "suspended": 0, "suspended.duration": 0, "resumed": 0 }
2017-08-30T08:12:34.909166+00:00 some-node.example.org rsyslogd-pstats: { "name": "to_exporter_2", "origin": "core.action", "processed": 320, "failed": 0, "suspended": 0, "suspended.duration": 0, "resumed": 0 }
2017-08-30T08:12:34.909171+00:00 some-node.example.org rsyslogd-pstats: { "name": "action 3", "origin": "core.action", "processed": 4, "failed": 0, "suspended": 0, "suspended.duration": 0, "resumed": 0 }
2017-08-30T08:12:34.909176+00:00 some-node.example.org rsyslogd-pstats: { "name": "action 4", "origin": "core.action", "processed": 37, "failed": 0, "suspended": 0, "suspended.duration": 0, "resumed": 0 }
2017-08-30T08:12:34.909181+00:00 some-node.example.org rsyslogd-pstats: { "name": "action 5", "origin": "core.action", "processed": 0, "failed": 0, "suspended": 0, "suspended.duration": 0, "resumed": 0 }
2017-08-30T08:12:34.909186+00:00 some-node.example.org rsyslogd-pstats: { "name": "action 7", "origin": "core.action", "processed": 0, "failed": 0, "suspended": 0, "suspended.duration": 0, "resumed": 0 }
2017-08-30T08:12:34.909192+00:00 some-node.example.org rsyslogd-pstats: { "name": "action 10", "origin": "core.action", "processed": 0, "failed": 0, "suspended": 0, "suspended.duration": 0, "resumed": 0 }
2017-08-30T08:12:34.909196+00:00 some-node.example.org rsyslogd-pstats: { "name": "action 11", "origin": "core.action", "processed": 6, "failed": 0, "suspended": 0, "suspended.duration": 0, "resumed": 0 }
2017-08-30T08:12:34.909218+00:00 some-node.example.org rsyslogd-pstats: { "name": "action 12", "origin": "core.action", "processed": 2, "failed": 0, "suspended": 0, "suspended.duration": 0, "resumed": 0 }
2017-08-30T08:12:34.909223+00:00 some-node.example.org rsyslogd-pstats: { "name": "action 13", "origin": "core.action", "processed": 0, "failed": 0, "suspended": 0, "suspended.duration": 0, "resumed": 0 }
2017-08-30T08:12:34.909229+00:00 some-node.example.org rsyslogd-pstats: { "name": "action 14", "origin": "core.action", "processed": 0, "failed": 0, "suspended": 0, "suspended.duration": 0, "resumed": 0 }
2017-08-30T08:12:34.909233+00:00 some-node.example.org rsyslogd-pstats: { "name": "action 15", "origin": "core.action", "processed": 0, "failed": 0, "suspended": 0, "suspended.duration": 0, "resumed": 0 }
2017-08-30T08:12:34.909238+00:00 some-node.example.org rsyslogd-pstats: { "name": "action 16", "origin": "core.action", "processed": 0, "failed": 0, "suspended": 0, "suspended.duration": 0, "resumed": 0 }
2017-08-30T08:12:34.909243+00:00 some-node.example.org rsyslogd-pstats: { "name": "action 17", "origin": "core.action", "processed": 0, "failed": 0, "suspended": 0, "suspended.duration": 0, "resumed": 0 }
2017-08-30T08:12:34.909250+00:00 some-node.example.org rsyslogd-pstats: { "name": "imptcp(*\/\/var\/run\/go-audit.sock\/IPv4)", "origin": "imptcp", "submitted": 4, "sessions.opened": 0, "sessions.openfailed": 0, "sessions.closed": 1, "bytes.received": 3901, "bytes.decompressed": 0 }
2017-08-30T08:12:34.909259+00:00 some-node.example.org rsyslogd-pstats: { "name": "resource-usage", "origin": "impstats", "utime": 9000, "stime": 7000, "maxrss": 5876, "minflt": 606, "majflt": 0, "inblock": 0, "oublock": 0, "nvcsw": 133, "nivcsw": 15, "openfiles": 17 }
2017-08-30T08:12:34.909265+00:00 some-node.example.org rsyslogd-pstats: { "name": "main Q", "origin": "core.queue", "size": 18, "enqueued": 387, "full": 0, "discarded.full": 0, "discarded.nf": 0, "maxqsize": 20 }
2017-08-30T08:12:34.909269+00:00 some-node.example.org rsyslogd-pstats: { "name": "io-work-q", "origin": "imptcp", "enqueued": 0, "maxqsize": 0 }
2017-08-30T08:12:44.919198+00:00 some-node.example.org rsyslogd-pstats: { "name": "global", "origin": "dynstats", "values": { } }
2017-08-30T08:12:44.919216+00:00 some-node.example.org rsyslogd-pstats: { "name": "imuxsock", "origin": "imuxsock", "submitted": 45, "ratelimit.discarded": 0, "ratelimit.numratelimiters": 0 }
2017-08-30T08:12:44.919224+00:00 some-node.example.org rsyslogd-pstats: { "name": "action 0", "origin": "core.action", "processed": 0, "failed": 0, "suspended": 0, "suspended.duration": 0, "resumed": 0 }
2017-08-30T08:12:44.919230+00:00 some-node.example.org rsyslogd-pstats: { "name": "to_exporter_2", "origin": "core.action", "processed": 340, "failed": 0, "suspended": 0, "suspended.duration": 0, "resumed": 0 }
2017-08-30T08:12:44.919235+00:00 some-node.example.org rsyslogd-pstats: { "name": "action 3", "origin": "core.action", "processed": 4, "failed": 0, "suspended": 0, "suspended.duration": 0, "resumed": 0 }
2017-08-30T08:12:44.919239+00:00 some-node.example.org rsyslogd-pstats: { "name": "action 4", "origin": "core.action", "processed": 37, "failed": 0, "suspended": 0, "suspended.duration": 0, "resumed": 0 }
2017-08-30T08:12:44.919244+00:00 some-node.example.org rsyslogd-pstats: { "name": "action 5", "origin": "core.action", "processed": 0, "failed": 0, "suspended": 0, "suspended.duration": 0, "resumed": 0 }
2017-08-30T08:12:44.919249+00:00 some-node.example.org rsyslogd-pstats: { "name": "action 7", "origin": "core.action", "processed": 0, "failed": 0, "suspended": 0, "suspended.duration": 0, "resumed": 0 }
2017-08-30T08:12:44.919254+00:00 some-node.example.org rsyslogd-pstats: { "name": "action 10", "origin": "core.action", "processed": 0, "failed": 0, "suspended": 0, "suspended.duration": 0, "resumed": 0 }
2017-08-30T08:12:44.919259+00:00 some-node.example.org rsyslogd-pstats: { "name": "action 11", "origin": "core.action", "processed": 6, "failed": 0, "suspended": 0, "suspended.duration": 0, "resumed": 0 }
2017-08-30T08:12:44.919263+00:00 some-node.example.org rsyslogd-pstats: { "name": "action 12", "origin": "core.action", "processed": 2, "failed": 0, "suspended": 0, "suspended.duration": 0, "resumed": 0 }
2017-08-30T08:12:44.919267+00:00 some-node.example.org rsyslogd-pstats: { "name": "action 13", "origin": "core.action", "processed": 0, "failed": 0, "suspended": 0, "suspended.duration": 0, "resumed": 0 }
2017-08-30T08:12:44.919272+00:00 some-node.example.org rsyslogd-pstats: { "name": "action 14", "origin": "core.action", "processed": 0, "failed": 0, "suspended": 0, "suspended.duration": 0, "resumed": 0 }
2017-08-30T08:12:44.919277+00:00 some-node.example.org rsyslogd-pstats: { "name": "action 15", "origin": "core.action", "processed": 0, "failed": 0, "suspended": 0, "suspended.duration": 0, "resumed": 0 }
2017-08-30T08:12:44.919281+00:00 some-node.example.org rsyslogd-pstats: { "name": "action 16", "origin": "core.action", "processed": 0, "failed": 0, "suspended": 0, "suspended.duration": 0, "resumed": 0 }
2017-08-30T08:12:44.919286+00:00 some-node.example.org rsyslogd-pstats: { "name": "action 17", "origin": "core.action", "processed": 0, "failed": 0, "suspended": 0, "suspended.duration": 0, "resumed": 0 }
2017-08-30T08:12:44.919293+00:00 some-node.example.org rsyslogd-pstats: { "name": "imptcp(*\/\/var\/run\/go-audit.sock\/IPv4)", "origin": "imptcp", "submitted": 4, "sessions.opened": 0, "sessions.openfailed": 0, "sessions.closed": 1, "bytes.received": 3901, "bytes.decompressed": 0 }
2017-08-30T08:12:44.919301+00:00 some-node.example.org rsyslogd-pstats: { "name": "resource-usage", "origin": "impstats", "utime": 9000, "stime": 7000, "maxrss": 5876, "minflt": 606, "majflt": 0, "inblock": 0, "oublock": 0, "nvcsw": 135, "nivcsw": 15, "openfiles": 17 }
2017-08-30T08:12:44.919307+00:00 some-node.example.org rsyslogd-pstats: { "name": "main Q", "origin": "core.queue", "size": 18, "enqueued": 407, "full": 0, "discarded.full": 0, "discarded.nf": 0, "maxqsize": 20 }
2017-08-30T08:12:44.919311+00:00 some-node.example.org rsyslogd-pstats: { "name": "io-work-q", "origin": "imptcp", "enqueued": 0, "maxqsize": 0 }
